.\Debug\Octree3.pdb
C:\Users\김현준\Desktop\기록\2012.12.21 금요일\Octree\.\Debug\Octree3.exe.intermediate.manifest
C:\USERS\김현준\DESKTOP\기록\2012.12.21 금요일\OCTREE\DEBUG\3DS.OBJ
C:\USERS\김현준\DESKTOP\기록\2012.12.21 금요일\OCTREE\DEBUG\BSPLINE.OBJ
C:\USERS\김현준\DESKTOP\기록\2012.12.21 금요일\OCTREE\DEBUG\CAMERA.OBJ
C:\USERS\김현준\DESKTOP\기록\2012.12.21 금요일\OCTREE\DEBUG\CAMERAANIMATION.OBJ
C:\Users\김현준\Desktop\기록\2012.12.21 금요일\Octree\Debug\cl.command.1.tlog
C:\Users\김현준\Desktop\기록\2012.12.21 금요일\Octree\Debug\CL.read.1.tlog
C:\Users\김현준\Desktop\기록\2012.12.21 금요일\Octree\Debug\CL.write.1.tlog
C:\USERS\김현준\DESKTOP\기록\2012.12.21 금요일\OCTREE\DEBUG\COLLISION.OBJ
C:\USERS\김현준\DESKTOP\기록\2012.12.21 금요일\OCTREE\DEBUG\DECAL.OBJ
C:\USERS\김현준\DESKTOP\기록\2012.12.21 금요일\OCTREE\DEBUG\FRUSTUM.OBJ
C:\USERS\김현준\DESKTOP\기록\2012.12.21 금요일\OCTREE\DEBUG\GAMEMENU.OBJ
C:\USERS\김현준\DESKTOP\기록\2012.12.21 금요일\OCTREE\DEBUG\GENERAL.OBJ
C:\USERS\김현준\DESKTOP\기록\2012.12.21 금요일\OCTREE\DEBUG\GLFONT.OBJ
C:\USERS\김현준\DESKTOP\기록\2012.12.21 금요일\OCTREE\DEBUG\INIT.OBJ
C:\Users\김현준\Desktop\기록\2012.12.21 금요일\Octree\Debug\link.5696.read.1.tlog
C:\Users\김현준\Desktop\기록\2012.12.21 금요일\Octree\Debug\link.5696.write.1.tlog
C:\Users\김현준\Desktop\기록\2012.12.21 금요일\Octree\Debug\link.5696-cvtres.read.1.tlog
C:\Users\김현준\Desktop\기록\2012.12.21 금요일\Octree\Debug\link.5696-cvtres.write.1.tlog
C:\Users\김현준\Desktop\기록\2012.12.21 금요일\Octree\Debug\link.command.1.tlog
C:\Users\김현준\Desktop\기록\2012.12.21 금요일\Octree\Debug\link.read.1.tlog
C:\Users\김현준\Desktop\기록\2012.12.21 금요일\Octree\Debug\link.write.1.tlog
C:\Users\김현준\Desktop\기록\2012.12.21 금요일\Octree\Debug\link-cvtres.read.1.tlog
C:\Users\김현준\Desktop\기록\2012.12.21 금요일\Octree\Debug\link-cvtres.write.1.tlog
C:\USERS\김현준\DESKTOP\기록\2012.12.21 금요일\OCTREE\DEBUG\MAIN.OBJ
C:\USERS\김현준\DESKTOP\기록\2012.12.21 금요일\OCTREE\DEBUG\MATRIX.OBJ
C:\Users\김현준\Desktop\기록\2012.12.21 금요일\Octree\Debug\mt.command.1.tlog
C:\Users\김현준\Desktop\기록\2012.12.21 금요일\Octree\Debug\mt.read.1.tlog
C:\Users\김현준\Desktop\기록\2012.12.21 금요일\Octree\Debug\mt.write.1.tlog
C:\USERS\김현준\DESKTOP\기록\2012.12.21 금요일\OCTREE\DEBUG\OCTREE.OBJ
C:\USERS\김현준\DESKTOP\기록\2012.12.21 금요일\OCTREE\DEBUG\OCTREE3.EXE.EMBED.MANIFEST
C:\USERS\김현준\DESKTOP\기록\2012.12.21 금요일\OCTREE\DEBUG\OCTREE3.EXE.EMBED.MANIFEST.RES
C:\Users\김현준\Desktop\기록\2012.12.21 금요일\Octree\Debug\Octree3.exe.intermediate.manifest
C:\Users\김현준\Desktop\기록\2012.12.21 금요일\Octree\Debug\Octree3.pdb
C:\Users\김현준\Desktop\기록\2012.12.21 금요일\Octree\Debug\Octree3_manifest.rc
C:\USERS\김현준\DESKTOP\기록\2012.12.21 금요일\OCTREE\DEBUG\PARTICLE.OBJ
C:\USERS\김현준\DESKTOP\기록\2012.12.21 금요일\OCTREE\DEBUG\QUAT.OBJ
C:\Users\김현준\Desktop\기록\2012.12.21 금요일\Octree\Debug\rc.command.1.tlog
C:\Users\김현준\Desktop\기록\2012.12.21 금요일\Octree\Debug\rc.read.1.tlog
C:\Users\김현준\Desktop\기록\2012.12.21 금요일\Octree\Debug\rc.write.1.tlog
C:\USERS\김현준\DESKTOP\기록\2012.12.21 금요일\OCTREE\DEBUG\SOUND.OBJ
C:\USERS\김현준\DESKTOP\기록\2012.12.21 금요일\OCTREE\DEBUG\TARGET.OBJ
C:\USERS\김현준\DESKTOP\기록\2012.12.21 금요일\OCTREE\DEBUG\TEXTURE.OBJ
C:\Users\김현준\Desktop\기록\2012.12.21 금요일\Octree\Debug\vc100.idb
C:\USERS\김현준\DESKTOP\기록\2012.12.21 금요일\OCTREE\DEBUG\VC100.PDB
C:\USERS\김현준\DESKTOP\기록\2012.12.21 금요일\OCTREE\DEBUG\VECTOR.OBJ
C:\USERS\김현준\DESKTOP\기록\2012.12.21 금요일\OCTREE\DEBUG\VERTEX.OBJ
C:\USERS\김현준\DESKTOP\기록\2012.12.21 금요일\OCTREE\DEBUG\ZFLOG.OBJ
